<?xml version="1.0" encoding="UTF-8"?>
<!-- Generated by org.testng.reporters.JUnitReportReporter -->
<testsuite skipped="9" hostname="A7P-00000-THARM" name="TestExecutionSuite.BasicFunctionalExecutionSuite" tests="11" failures="0" timestamp="13 Jan 2017 18:25:23 GMT" time="0.055" errors="2">
  <testcase name="selectInsurance" time="0.002" classname="TestExecutionSuite.BasicFunctionalExecutionSuite">
    <skipped/>
  </testcase> <!-- selectInsurance -->
  <testcase name="afterEveryMethod" time="0.000" classname="TestExecutionSuite.BasicFunctionalExecutionSuite">
    <error type="java.lang.NullPointerException">
      <![CDATA[java.lang.NullPointerException
	at TestCases.CommonTestCases.takeScreenShotOnFailure(CommonTestCases.java:89)
	at TestCases.CommonTestCases.takeScreenshot(CommonTestCases.java:104)
	at TestExecutionSuite.BasicFunctionalExecutionSuite.afterEveryMethod(BasicFunctionalExecutionSuite.java:110)
	at sun.reflect.NativeMethodAccessorImpl.invoke0(Native Method)
	at sun.reflect.NativeMethodAccessorImpl.invoke(NativeMethodAccessorImpl.java:62)
	at sun.reflect.DelegatingMethodAccessorImpl.invoke(DelegatingMethodAccessorImpl.java:43)
	at java.lang.reflect.Method.invoke(Method.java:483)
	at org.testng.internal.MethodInvocationHelper.invokeMethod(MethodInvocationHelper.java:100)
	at org.testng.internal.Invoker.invokeConfigurationMethod(Invoker.java:515)
	at org.testng.internal.Invoker.invokeConfigurations(Invoker.java:216)
	at org.testng.internal.Invoker.invokeMethod(Invoker.java:712)
	at org.testng.internal.Invoker.invokeTestMethod(Invoker.java:811)
	at org.testng.internal.Invoker.invokeTestMethods(Invoker.java:1137)
	at org.testng.internal.TestMethodWorker.invokeTestMethods(TestMethodWorker.java:129)
	at org.testng.internal.TestMethodWorker.run(TestMethodWorker.java:112)
	at org.testng.TestRunner.privateRun(TestRunner.java:753)
	at org.testng.TestRunner.run(TestRunner.java:607)
	at org.testng.SuiteRunner.runTest(SuiteRunner.java:368)
	at org.testng.SuiteRunner.runSequentially(SuiteRunner.java:363)
	at org.testng.SuiteRunner.privateRun(SuiteRunner.java:321)
	at org.testng.SuiteRunner.run(SuiteRunner.java:270)
	at org.testng.SuiteRunnerWorker.runSuite(SuiteRunnerWorker.java:52)
	at org.testng.SuiteRunnerWorker.run(SuiteRunnerWorker.java:86)
	at org.testng.TestNG.runSuitesSequentially(TestNG.java:1284)
	at org.testng.TestNG.runSuitesLocally(TestNG.java:1209)
	at org.testng.TestNG.runSuites(TestNG.java:1124)
	at org.testng.TestNG.run(TestNG.java:1096)
	at org.testng.remote.AbstractRemoteTestNG.run(AbstractRemoteTestNG.java:132)
	at org.testng.remote.RemoteTestNG.initAndRun(RemoteTestNG.java:236)
	at org.testng.remote.RemoteTestNG.main(RemoteTestNG.java:81)
]]>
    </error>
  </testcase> <!-- afterEveryMethod -->
  <testcase name="enterPassengerDetails" time="0.001" classname="TestExecutionSuite.BasicFunctionalExecutionSuite">
    <skipped/>
  </testcase> <!-- enterPassengerDetails -->
  <testcase name="chooseFlight" time="0.002" classname="TestExecutionSuite.BasicFunctionalExecutionSuite">
    <skipped/>
  </testcase> <!-- chooseFlight -->
  <testcase name="validateFlightsChosenInPaymentPage" time="0.002" classname="TestExecutionSuite.BasicFunctionalExecutionSuite">
    <skipped/>
  </testcase> <!-- validateFlightsChosenInPaymentPage -->
  <testcase name="verifyPaymentPage" time="0.002" classname="TestExecutionSuite.BasicFunctionalExecutionSuite">
    <skipped/>
  </testcase> <!-- verifyPaymentPage -->
  <testcase name="driverInitalization" time="0.026" classname="TestExecutionSuite.BasicFunctionalExecutionSuite">
    <error type="java.lang.NullPointerException">
      <![CDATA[java.lang.NullPointerException
	at TestCases.CommonTestCases.initalizeDriver(CommonTestCases.java:39)
	at TestExecutionSuite.BasicFunctionalExecutionSuite.driverInitalization(BasicFunctionalExecutionSuite.java:44)
	at sun.reflect.NativeMethodAccessorImpl.invoke0(Native Method)
	at sun.reflect.NativeMethodAccessorImpl.invoke(NativeMethodAccessorImpl.java:62)
	at sun.reflect.DelegatingMethodAccessorImpl.invoke(DelegatingMethodAccessorImpl.java:43)
	at java.lang.reflect.Method.invoke(Method.java:483)
	at org.testng.internal.MethodInvocationHelper.invokeMethod(MethodInvocationHelper.java:100)
	at org.testng.internal.Invoker.invokeMethod(Invoker.java:646)
	at org.testng.internal.Invoker.invokeTestMethod(Invoker.java:811)
	at org.testng.internal.Invoker.invokeTestMethods(Invoker.java:1137)
	at org.testng.internal.TestMethodWorker.invokeTestMethods(TestMethodWorker.java:129)
	at org.testng.internal.TestMethodWorker.run(TestMethodWorker.java:112)
	at org.testng.TestRunner.privateRun(TestRunner.java:753)
	at org.testng.TestRunner.run(TestRunner.java:607)
	at org.testng.SuiteRunner.runTest(SuiteRunner.java:368)
	at org.testng.SuiteRunner.runSequentially(SuiteRunner.java:363)
	at org.testng.SuiteRunner.privateRun(SuiteRunner.java:321)
	at org.testng.SuiteRunner.run(SuiteRunner.java:270)
	at org.testng.SuiteRunnerWorker.runSuite(SuiteRunnerWorker.java:52)
	at org.testng.SuiteRunnerWorker.run(SuiteRunnerWorker.java:86)
	at org.testng.TestNG.runSuitesSequentially(TestNG.java:1284)
	at org.testng.TestNG.runSuitesLocally(TestNG.java:1209)
	at org.testng.TestNG.runSuites(TestNG.java:1124)
	at org.testng.TestNG.run(TestNG.java:1096)
	at org.testng.remote.AbstractRemoteTestNG.run(AbstractRemoteTestNG.java:132)
	at org.testng.remote.RemoteTestNG.initAndRun(RemoteTestNG.java:236)
	at org.testng.remote.RemoteTestNG.main(RemoteTestNG.java:81)
]]>
    </error>
  </testcase> <!-- driverInitalization -->
  <testcase name="openUrl" time="0.003" classname="TestExecutionSuite.BasicFunctionalExecutionSuite">
    <skipped/>
  </testcase> <!-- openUrl -->
  <testcase name="enterJourneyDetails" time="0.004" classname="TestExecutionSuite.BasicFunctionalExecutionSuite">
    <skipped/>
  </testcase> <!-- enterJourneyDetails -->
  <testcase name="validateDetailsEntereInSearchPage" time="0.011" classname="TestExecutionSuite.BasicFunctionalExecutionSuite">
    <skipped/>
  </testcase> <!-- validateDetailsEntereInSearchPage -->
  <testcase name="enterEmail" time="0.002" classname="TestExecutionSuite.BasicFunctionalExecutionSuite">
    <skipped/>
  </testcase> <!-- enterEmail -->
</testsuite> <!-- TestExecutionSuite.BasicFunctionalExecutionSuite -->
